<?xml version="1.0" encoding="UTF-8"?>
<!-- Generated by org.testng.reporters.JUnitXMLReporter -->
<testsuite hostname="LAPTOP-VN4RIQR7" name="Test" tests="1" failures="1" timestamp="8 May 2020 13:56:16 GMT" time="13.314" errors="0">
  <testcase name="@AfterClass tearDown" time="0.0" classname="steps.WHReview">
    <failure type="org.testng.TestNGException" message="
Method tearDown requires 1 parameters but 0 were supplied in the @Configuration annotation.">
      <![CDATA[org.testng.TestNGException: 
Method tearDown requires 1 parameters but 0 were supplied in the @Configuration annotation.
... Removed 22 stack frames]]>
    </failure>
  </testcase> <!-- @AfterClass tearDown -->
  <testcase name="launchandLogin" time="7.003" classname="steps.WHReview">
    <failure type="java.lang.NullPointerException">
      <![CDATA[java.lang.NullPointerException
	at pages.actions.WalletHubReviewPageActions.WalletHub(WalletHubReviewPageActions.java:44)
	at steps.WHReview.launchandLogin(WHReview.java:33)
... Removed 24 stack frames]]>
    </failure>
  </testcase> <!-- launchandLogin -->
</testsuite> <!-- Test -->
